# JRE version: OpenJDK Runtime Environment Temurin-17.0.5+8 (17.0.5+8) (build 17.0.5+8)
# Java VM: OpenJDK 64-Bit Server VM Temurin-17.0.5+8 (17.0.5+8, mixed mode, tiered, compressed oops, compressed class ptrs, parallel gc, linux-amd64)
GC Precious Log:
 CPUs: 4 total, 4 available
 Memory: 7903M
 Large Page Support: Disabled
 NUMA Support: Disabled
 Compressed Oops: Enabled (32-bit)
 Alignments: Space 512K, Generation 512K, Heap 2M
 Heap Min Capacity: 100M
 Heap Initial Capacity: 100M
 Heap Max Capacity: 1G
 Pre-touch: Disabled
 Parallel Workers: 4
Heap:
 PSYoungGen      total 10240K, used 6267K [0x00000000eab00000, 0x00000000eb700000, 0x0000000100000000)
  eden space 7680K, 80% used [0x00000000eab00000,0x00000000eb106db0,0x00000000eb280000)
  from space 2560K, 3% used [0x00000000eb300000,0x00000000eb318000,0x00000000eb580000)
  to   space 1024K, 0% used [0x00000000eb600000,0x00000000eb600000,0x00000000eb700000)
 ParOldGen       total 316416K, used 290703K [0x00000000c0000000, 0x00000000d3500000, 0x00000000eab00000)
  object space 316416K, 91% used [0x00000000c0000000,0x00000000d1be3e08,0x00000000d3500000)
 Metaspace       used 97454K, committed 98816K, reserved 1138688K
  class space    used 9794K, committed 10432K, reserved 1048576K
GC Heap History (20 events):
Event: 1437,788 GC heap before
{Heap before GC invocations=1756 (full 66):
 PSYoungGen      total 8704K, used 8678K [0x00000000eab00000, 0x00000000ec180000, 0x0000000100000000)
  eden space 7680K, 99% used [0x00000000eab00000,0x00000000eb27ffe0,0x00000000eb280000)
  from space 1024K, 97% used [0x00000000eb380000,0x00000000eb479940,0x00000000eb480000)
  to   space 7680K, 0% used [0x00000000eba00000,0x00000000eba00000,0x00000000ec180000)
 ParOldGen       total 316416K, used 276800K [0x00000000c0000000, 0x00000000d3500000, 0x00000000eab00000)
  object space 316416K, 87% used [0x00000000c0000000,0x00000000d0e500f0,0x00000000d3500000)
 Metaspace       used 97445K, committed 98816K, reserved 1138688K
  class space    used 9793K, committed 10432K, reserved 1048576K
}
Event: 1437,809 GC heap after
{Heap after GC invocations=1756 (full 66):
 PSYoungGen      total 10752K, used 2640K [0x00000000eab00000, 0x00000000ebd00000, 0x0000000100000000)
  eden space 7680K, 0% used [0x00000000eab00000,0x00000000eab00000,0x00000000eb280000)
  from space 3072K, 85% used [0x00000000eba00000,0x00000000ebc94210,0x00000000ebd00000)
  to   space 4096K, 0% used [0x00000000eb500000,0x00000000eb500000,0x00000000eb900000)
 ParOldGen       total 316416K, used 277814K [0x00000000c0000000, 0x00000000d3500000, 0x00000000eab00000)
  object space 316416K, 87% used [0x00000000c0000000,0x00000000d0f4da30,0x00000000d3500000)
 Metaspace       used 97445K, committed 98816K, reserved 1138688K
  class space    used 9793K, committed 10432K, reserved 1048576K
}
Event: 1437,852 GC heap before
{Heap before GC invocations=1757 (full 66):
 PSYoungGen      total 10752K, used 10320K [0x00000000eab00000, 0x00000000ebd00000, 0x0000000100000000)
  eden space 7680K, 100% used [0x00000000eab00000,0x00000000eb280000,0x00000000eb280000)
  from space 3072K, 85% used [0x00000000eba00000,0x00000000ebc94210,0x00000000ebd00000)
  to   space 4096K, 0% used [0x00000000eb500000,0x00000000eb500000,0x00000000eb900000)
 ParOldGen       total 316416K, used 277814K [0x00000000c0000000, 0x00000000d3500000, 0x00000000eab00000)
  object space 316416K, 87% used [0x00000000c0000000,0x00000000d0f4da30,0x00000000d3500000)
 Metaspace       used 97445K, committed 98816K, reserved 1138688K
  class space    used 9793K, committed 10432K, reserved 1048576K
}
Event: 1437,860 GC heap after
{Heap after GC invocations=1757 (full 66):
 PSYoungGen      total 8704K, used 842K [0x00000000eab00000, 0x00000000eba80000, 0x0000000100000000)
  eden space 7680K, 0% used [0x00000000eab00000,0x00000000eab00000,0x00000000eb280000)
  from space 1024K, 82% used [0x00000000eb500000,0x00000000eb5d2800,0x00000000eb600000)
  to   space 2048K, 0% used [0x00000000eb880000,0x00000000eb880000,0x00000000eba80000)
 ParOldGen       total 316416K, used 280025K [0x00000000c0000000, 0x00000000d3500000, 0x00000000eab00000)
  object space 316416K, 88% used [0x00000000c0000000,0x00000000d1176750,0x00000000d3500000)
 Metaspace       used 97445K, committed 98816K, reserved 1138688K
  class space    used 9793K, committed 10432K, reserved 1048576K
}
Event: 1437,913 GC heap before
{Heap before GC invocations=1758 (full 66):
 PSYoungGen      total 8704K, used 8521K [0x00000000eab00000, 0x00000000eba80000, 0x0000000100000000)
  eden space 7680K, 99% used [0x00000000eab00000,0x00000000eb27fff0,0x00000000eb280000)
  from space 1024K, 82% used [0x00000000eb500000,0x00000000eb5d2800,0x00000000eb600000)
  to   space 2048K, 0% used [0x00000000eb880000,0x00000000eb880000,0x00000000eba80000)
 ParOldGen       total 316416K, used 280025K [0x00000000c0000000, 0x00000000d3500000, 0x00000000eab00000)
  object space 316416K, 88% used [0x00000000c0000000,0x00000000d1176750,0x00000000d3500000)
 Metaspace       used 97445K, committed 98816K, reserved 1138688K
  class space    used 9793K, committed 10432K, reserved 1048576K
}
Event: 1437,920 GC heap after
{Heap after GC invocations=1758 (full 66):
 PSYoungGen      total 9728K, used 1632K [0x00000000eab00000, 0x00000000eba80000, 0x0000000100000000)
  eden space 7680K, 0% used [0x00000000eab00000,0x00000000eab00000,0x00000000eb280000)
  from space 2048K, 79% used [0x00000000eb880000,0x00000000eba18000,0x00000000eba80000)
  to   space 2048K, 0% used [0x00000000eb680000,0x00000000eb680000,0x00000000eb880000)
 ParOldGen       total 316416K, used 280648K [0x00000000c0000000, 0x00000000d3500000, 0x00000000eab00000)
  object space 316416K, 88% used [0x00000000c0000000,0x00000000d12122a8,0x00000000d3500000)
 Metaspace       used 97445K, committed 98816K, reserved 1138688K
  class space    used 9793K, committed 10432K, reserved 1048576K
}
Event: 1437,968 GC heap before
{Heap before GC invocations=1759 (full 66):
 PSYoungGen      total 9728K, used 9312K [0x00000000eab00000, 0x00000000eba80000, 0x0000000100000000)
  eden space 7680K, 100% used [0x00000000eab00000,0x00000000eb280000,0x00000000eb280000)
  from space 2048K, 79% used [0x00000000eb880000,0x00000000eba18000,0x00000000eba80000)
  to   space 2048K, 0% used [0x00000000eb680000,0x00000000eb680000,0x00000000eb880000)
 ParOldGen       total 316416K, used 280648K [0x00000000c0000000, 0x00000000d3500000, 0x00000000eab00000)
  object space 316416K, 88% used [0x00000000c0000000,0x00000000d12122a8,0x00000000d3500000)
 Metaspace       used 97445K, committed 98816K, reserved 1138688K
  class space    used 9793K, committed 10432K, reserved 1048576K
}
Event: 1437,980 GC heap after
{Heap after GC invocations=1759 (full 66):
 PSYoungGen      total 8192K, used 468K [0x00000000eab00000, 0x00000000eb900000, 0x0000000100000000)
  eden space 7680K, 0% used [0x00000000eab00000,0x00000000eab00000,0x00000000eb280000)
  from space 512K, 91% used [0x00000000eb680000,0x00000000eb6f5200,0x00000000eb700000)
  to   space 1024K, 0% used [0x00000000eb800000,0x00000000eb800000,0x00000000eb900000)
 ParOldGen       total 316416K, used 282224K [0x00000000c0000000, 0x00000000d3500000, 0x00000000eab00000)
  object space 316416K, 89% used [0x00000000c0000000,0x00000000d139c2a8,0x00000000d3500000)
 Metaspace       used 97445K, committed 98816K, reserved 1138688K
  class space    used 9793K, committed 10432K, reserved 1048576K
}
Event: 1438,763 GC heap before
{Heap before GC invocations=1760 (full 66):
 PSYoungGen      total 8192K, used 8148K [0x00000000eab00000, 0x00000000eb900000, 0x0000000100000000)
  eden space 7680K, 100% used [0x00000000eab00000,0x00000000eb280000,0x00000000eb280000)
  from space 512K, 91% used [0x00000000eb680000,0x00000000eb6f5200,0x00000000eb700000)
  to   space 1024K, 0% used [0x00000000eb800000,0x00000000eb800000,0x00000000eb900000)
 ParOldGen       total 316416K, used 282224K [0x00000000c0000000, 0x00000000d3500000, 0x00000000eab00000)
  object space 316416K, 89% used [0x00000000c0000000,0x00000000d139c2a8,0x00000000d3500000)
 Metaspace       used 97452K, committed 98816K, reserved 1138688K
  class space    used 9794K, committed 10432K, reserved 1048576K
}
Event: 1438,767 GC heap after
{Heap after GC invocations=1760 (full 66):
 PSYoungGen      total 8192K, used 320K [0x00000000eab00000, 0x00000000eb880000, 0x0000000100000000)
  eden space 7680K, 0% used [0x00000000eab00000,0x00000000eab00000,0x00000000eb280000)
  from space 512K, 62% used [0x00000000eb800000,0x00000000eb850000,0x00000000eb880000)
  to   space 512K, 0% used [0x00000000eb680000,0x00000000eb680000,0x00000000eb700000)
 ParOldGen       total 316416K, used 282597K [0x00000000c0000000, 0x00000000d3500000, 0x00000000eab00000)
  object space 316416K, 89% used [0x00000000c0000000,0x00000000d13f94c8,0x00000000d3500000)
 Metaspace       used 97452K, committed 98816K, reserved 1138688K
  class space    used 9794K, committed 10432K, reserved 1048576K
}
Event: 1438,840 GC heap before
{Heap before GC invocations=1761 (full 66):
 PSYoungGen      total 8192K, used 8000K [0x00000000eab00000, 0x00000000eb880000, 0x0000000100000000)
  eden space 7680K, 100% used [0x00000000eab00000,0x00000000eb280000,0x00000000eb280000)
  from space 512K, 62% used [0x00000000eb800000,0x00000000eb850000,0x00000000eb880000)
  to   space 512K, 0% used [0x00000000eb680000,0x00000000eb680000,0x00000000eb700000)
 ParOldGen       total 316416K, used 282597K [0x00000000c0000000, 0x00000000d3500000, 0x00000000eab00000)
  object space 316416K, 89% used [0x00000000c0000000,0x00000000d13f94c8,0x00000000d3500000)
 Metaspace       used 97453K, committed 98816K, reserved 1138688K
  class space    used 9794K, committed 10432K, reserved 1048576K
}
Event: 1438,855 GC heap after
{Heap after GC invocations=1761 (full 66):
 PSYoungGen      total 8192K, used 480K [0x00000000eab00000, 0x00000000ebc80000, 0x0000000100000000)
  eden space 7680K, 0% used [0x00000000eab00000,0x00000000eab00000,0x00000000eb280000)
  from space 512K, 93% used [0x00000000eb680000,0x00000000eb6f8388,0x00000000eb700000)
  to   space 5120K, 0% used [0x00000000eb780000,0x00000000eb780000,0x00000000ebc80000)
 ParOldGen       total 316416K, used 286396K [0x00000000c0000000, 0x00000000d3500000, 0x00000000eab00000)
  object space 316416K, 90% used [0x00000000c0000000,0x00000000d17af370,0x00000000d3500000)
 Metaspace       used 97453K, committed 98816K, reserved 1138688K
  class space    used 9794K, committed 10432K, reserved 1048576K
}
Event: 1439,191 GC heap before
{Heap before GC invocations=1762 (full 66):
 PSYoungGen      total 8192K, used 8160K [0x00000000eab00000, 0x00000000ebc80000, 0x0000000100000000)
  eden space 7680K, 100% used [0x00000000eab00000,0x00000000eb280000,0x00000000eb280000)
  from space 512K, 93% used [0x00000000eb680000,0x00000000eb6f8388,0x00000000eb700000)
  to   space 5120K, 0% used [0x00000000eb780000,0x00000000eb780000,0x00000000ebc80000)
 ParOldGen       total 316416K, used 286396K [0x00000000c0000000, 0x00000000d3500000, 0x00000000eab00000)
  object space 316416K, 90% used [0x00000000c0000000,0x00000000d17af370,0x00000000d3500000)
 Metaspace       used 97454K, committed 98816K, reserved 1138688K
  class space    used 9794K, committed 10432K, reserved 1048576K
}
Event: 1439,202 GC heap after
{Heap after GC invocations=1762 (full 66):
 PSYoungGen      total 10240K, used 2401K [0x00000000eab00000, 0x00000000eba00000, 0x0000000100000000)
  eden space 7680K, 0% used [0x00000000eab00000,0x00000000eab00000,0x00000000eb280000)
  from space 2560K, 93% used [0x00000000eb780000,0x00000000eb9d8710,0x00000000eba00000)
  to   space 3072K, 0% used [0x00000000eb400000,0x00000000eb400000,0x00000000eb700000)
 ParOldGen       total 316416K, used 286901K [0x00000000c0000000, 0x00000000d3500000, 0x00000000eab00000)
  object space 316416K, 90% used [0x00000000c0000000,0x00000000d182d6f8,0x00000000d3500000)
 Metaspace       used 97454K, committed 98816K, reserved 1138688K
  class space    used 9794K, committed 10432K, reserved 1048576K
}
Event: 1439,245 GC heap before
{Heap before GC invocations=1763 (full 66):
 PSYoungGen      total 10240K, used 10081K [0x00000000eab00000, 0x00000000eba00000, 0x0000000100000000)
  eden space 7680K, 100% used [0x00000000eab00000,0x00000000eb280000,0x00000000eb280000)
  from space 2560K, 93% used [0x00000000eb780000,0x00000000eb9d8710,0x00000000eba00000)
  to   space 3072K, 0% used [0x00000000eb400000,0x00000000eb400000,0x00000000eb700000)
 ParOldGen       total 316416K, used 286901K [0x00000000c0000000, 0x00000000d3500000, 0x00000000eab00000)
  object space 316416K, 90% used [0x00000000c0000000,0x00000000d182d6f8,0x00000000d3500000)
 Metaspace       used 97454K, committed 98816K, reserved 1138688K
  class space    used 9794K, committed 10432K, reserved 1048576K
}
Event: 1439,253 GC heap after
{Heap after GC invocations=1763 (full 66):
 PSYoungGen      total 8704K, used 821K [0x00000000eab00000, 0x00000000eb800000, 0x0000000100000000)
  eden space 7680K, 0% used [0x00000000eab00000,0x00000000eab00000,0x00000000eb280000)
  from space 1024K, 80% used [0x00000000eb400000,0x00000000eb4cd400,0x00000000eb500000)
  to   space 1536K, 0% used [0x00000000eb680000,0x00000000eb680000,0x00000000eb800000)
 ParOldGen       total 316416K, used 288529K [0x00000000c0000000, 0x00000000d3500000, 0x00000000eab00000)
  object space 316416K, 91% used [0x00000000c0000000,0x00000000d19c4750,0x00000000d3500000)
 Metaspace       used 97454K, committed 98816K, reserved 1138688K
  class space    used 9794K, committed 10432K, reserved 1048576K
}
Event: 1439,291 GC heap before
{Heap before GC invocations=1764 (full 66):
 PSYoungGen      total 8704K, used 8500K [0x00000000eab00000, 0x00000000eb800000, 0x0000000100000000)
  eden space 7680K, 99% used [0x00000000eab00000,0x00000000eb27fff8,0x00000000eb280000)
  from space 1024K, 80% used [0x00000000eb400000,0x00000000eb4cd400,0x00000000eb500000)
  to   space 1536K, 0% used [0x00000000eb680000,0x00000000eb680000,0x00000000eb800000)
 ParOldGen       total 316416K, used 288529K [0x00000000c0000000, 0x00000000d3500000, 0x00000000eab00000)
  object space 316416K, 91% used [0x00000000c0000000,0x00000000d19c4750,0x00000000d3500000)
 Metaspace       used 97454K, committed 98816K, reserved 1138688K
  class space    used 9794K, committed 10432K, reserved 1048576K
}
Event: 1439,296 GC heap after
{Heap after GC invocations=1764 (full 66):
 PSYoungGen      total 9216K, used 1536K [0x00000000eab00000, 0x00000000eb800000, 0x0000000100000000)
  eden space 7680K, 0% used [0x00000000eab00000,0x00000000eab00000,0x00000000eb280000)
  from space 1536K, 100% used [0x00000000eb680000,0x00000000eb800000,0x00000000eb800000)
  to   space 2560K, 0% used [0x00000000eb300000,0x00000000eb300000,0x00000000eb580000)
 ParOldGen       total 316416K, used 289154K [0x00000000c0000000, 0x00000000d3500000, 0x00000000eab00000)
  object space 316416K, 91% used [0x00000000c0000000,0x00000000d1a60b48,0x00000000d3500000)
 Metaspace       used 97454K, committed 98816K, reserved 1138688K
  class space    used 9794K, committed 10432K, reserved 1048576K
}
Event: 1439,673 GC heap before
{Heap before GC invocations=1765 (full 66):
 PSYoungGen      total 9216K, used 9216K [0x00000000eab00000, 0x00000000eb800000, 0x0000000100000000)
  eden space 7680K, 100% used [0x00000000eab00000,0x00000000eb280000,0x00000000eb280000)
  from space 1536K, 100% used [0x00000000eb680000,0x00000000eb800000,0x00000000eb800000)
  to   space 2560K, 0% used [0x00000000eb300000,0x00000000eb300000,0x00000000eb580000)
 ParOldGen       total 316416K, used 289154K [0x00000000c0000000, 0x00000000d3500000, 0x00000000eab00000)
  object space 316416K, 91% used [0x00000000c0000000,0x00000000d1a60b48,0x00000000d3500000)
 Metaspace       used 97454K, committed 98816K, reserved 1138688K
  class space    used 9794K, committed 10432K, reserved 1048576K
}
Event: 1439,678 GC heap after
{Heap after GC invocations=1765 (full 66):
 PSYoungGen      total 10240K, used 96K [0x00000000eab00000, 0x00000000eb700000, 0x0000000100000000)
  eden space 7680K, 0% used [0x00000000eab00000,0x00000000eab00000,0x00000000eb280000)
  from space 2560K, 3% used [0x00000000eb300000,0x00000000eb318000,0x00000000eb580000)
  to   space 1024K, 0% used [0x00000000eb600000,0x00000000eb600000,0x00000000eb700000)
 ParOldGen       total 316416K, used 290703K [0x00000000c0000000, 0x00000000d3500000, 0x00000000eab00000)
  object space 316416K, 91% used [0x00000000c0000000,0x00000000d1be3e08,0x00000000d3500000)
 Metaspace       used 97454K, committed 98816K, reserved 1138688K
  class space    used 9794K, committed 10432K, reserved 1048576K
}

